<?xml version="1.0" encoding="UTF-8"?>
<testng-results ignored="0" total="1" passed="1" failed="0" skipped="0">
  <reporter-output>
  </reporter-output>
  <suite started-at="2024-11-18T12:40:25 IST" name="Default suite" finished-at="2024-11-18T12:40:32 IST" duration-ms="7478">
    <groups>
    </groups>
    <test started-at="2024-11-18T12:40:25 IST" name="Default test" finished-at="2024-11-18T12:40:32 IST" duration-ms="7478">
      <class name="nov11.Demo1">
        <test-method signature="verifyTitle()[pri:0, instance:nov11.Demo1@1ab3a8c8]" started-at="2024-11-18T12:40:25 IST" name="verifyTitle" finished-at="2024-11-18T12:40:32 IST" duration-ms="7458" status="PASS">
          <reporter-output>
          </reporter-output>
        </test-method> <!-- verifyTitle -->
      </class> <!-- nov11.Demo1 -->
    </test> <!-- Default test -->
  </suite> <!-- Default suite -->
</testng-results>
